<?xml version="1.0" encoding="UTF-8"?>
<!-- Generated by org.testng.reporters.JUnitReportReporter -->
<testsuite hostname="Harish" failures="0" tests="1" name="testCases.TC_001_AccountRegistrationTest" time="7.419" errors="0" timestamp="2024-01-23T21:08:14 IST" skipped="0">
  <testcase classname="testCases.TC_001_AccountRegistrationTest" name="verify_account_registration" time="7.419"/>
</testsuite> <!-- testCases.TC_001_AccountRegistrationTest -->
