<?xml version="1.0" encoding="UTF-8"?>
<!-- Generated by org.testng.reporters.JUnitReportReporter -->
<testsuite hostname="Harish" failures="0" tests="1" name="testCases.TC_002_LoginTest" time="1.381" errors="0" timestamp="2024-01-23T15:26:53 IST" skipped="0">
  <testcase classname="testCases.TC_002_LoginTest" name="verify_login" time="1.381"/>
</testsuite> <!-- testCases.TC_002_LoginTest -->
